# JRE version: Java(TM) SE Runtime Environment (8.0_152-b16) (build 1.8.0_152-b16)
# Java VM: Java HotSpot(TM) 64-Bit Server VM (25.152-b16 mixed mode windows-amd64 compressed oops)
Heap:
 PSYoungGen      total 360960K, used 130808K [0x00000000d5a00000, 0x00000000eec00000, 0x0000000100000000)
  eden space 340480K, 32% used [0x00000000d5a00000,0x00000000dc62e840,0x00000000ea680000)
  from space 20480K, 97% used [0x00000000ed800000,0x00000000eeb8fbb0,0x00000000eec00000)
  to   space 30208K, 0% used [0x00000000eb100000,0x00000000eb100000,0x00000000ece80000)
 ParOldGen       total 170496K, used 53124K [0x0000000080e00000, 0x000000008b480000, 0x00000000d5a00000)
  object space 170496K, 31% used [0x0000000080e00000,0x00000000841e13b8,0x000000008b480000)
 Metaspace       used 76119K, capacity 77422K, committed 77696K, reserved 1118208K
  class space    used 9269K, capacity 9550K, committed 9600K, reserved 1048576K
GC Heap History (10 events):
Event: 12.628 GC heap before
{Heap before GC invocations=9 (full 2):
 PSYoungGen      total 274432K, used 19446K [0x00000000d5a00000, 0x00000000ea780000, 0x0000000100000000)
  eden space 254976K, 0% used [0x00000000d5a00000,0x00000000d5a00000,0x00000000e5300000)
  from space 19456K, 99% used [0x00000000e5300000,0x00000000e65fdb28,0x00000000e6600000)
  to   space 26624K, 0% used [0x00000000e8d80000,0x00000000e8d80000,0x00000000ea780000)
 ParOldGen       total 77824K, used 33389K [0x0000000080e00000, 0x0000000085a00000, 0x00000000d5a00000)
  object space 77824K, 42% used [0x0000000080e00000,0x0000000082e9b478,0x0000000085a00000)
 Metaspace       used 34538K, capacity 35284K, committed 35456K, reserved 1081344K
  class space    used 4211K, capacity 4413K, committed 4480K, reserved 1048576K
Event: 12.858 GC heap after
Heap after GC invocations=9 (full 2):
 PSYoungGen      total 274432K, used 0K [0x00000000d5a00000, 0x00000000ea780000, 0x0000000100000000)
  eden space 254976K, 0% used [0x00000000d5a00000,0x00000000d5a00000,0x00000000e5300000)
  from space 19456K, 0% used [0x00000000e5300000,0x00000000e5300000,0x00000000e6600000)
  to   space 26624K, 0% used [0x00000000e8d80000,0x00000000e8d80000,0x00000000ea780000)
 ParOldGen       total 129536K, used 41676K [0x0000000080e00000, 0x0000000088c80000, 0x00000000d5a00000)
  object space 129536K, 32% used [0x0000000080e00000,0x00000000836b3260,0x0000000088c80000)
 Metaspace       used 34538K, capacity 35284K, committed 35456K, reserved 1081344K
  class space    used 4211K, capacity 4413K, committed 4480K, reserved 1048576K
}
Event: 16.505 GC heap before
{Heap before GC invocations=10 (full 2):
 PSYoungGen      total 274432K, used 254976K [0x00000000d5a00000, 0x00000000ea780000, 0x0000000100000000)
  eden space 254976K, 100% used [0x00000000d5a00000,0x00000000e5300000,0x00000000e5300000)
  from space 19456K, 0% used [0x00000000e5300000,0x00000000e5300000,0x00000000e6600000)
  to   space 26624K, 0% used [0x00000000e8d80000,0x00000000e8d80000,0x00000000ea780000)
 ParOldGen       total 129536K, used 41676K [0x0000000080e00000, 0x0000000088c80000, 0x00000000d5a00000)
  object space 129536K, 32% used [0x0000000080e00000,0x00000000836b3260,0x0000000088c80000)
 Metaspace       used 49124K, capacity 50122K, committed 50432K, reserved 1093632K
  class space    used 6030K, capacity 6289K, committed 6400K, reserved 1048576K
Event: 16.536 GC heap after
Heap after GC invocations=10 (full 2):
 PSYoungGen      total 312832K, used 21500K [0x00000000d5a00000, 0x00000000ef400000, 0x0000000100000000)
  eden space 286208K, 0% used [0x00000000d5a00000,0x00000000d5a00000,0x00000000e7180000)
  from space 26624K, 80% used [0x00000000e8d80000,0x00000000ea27f198,0x00000000ea780000)
  to   space 28672K, 0% used [0x00000000e7180000,0x00000000e7180000,0x00000000e8d80000)
 ParOldGen       total 129536K, used 41748K [0x0000000080e00000, 0x0000000088c80000, 0x00000000d5a00000)
  object space 129536K, 32% used [0x0000000080e00000,0x00000000836c5270,0x0000000088c80000)
 Metaspace       used 49124K, capacity 50122K, committed 50432K, reserved 1093632K
  class space    used 6030K, capacity 6289K, committed 6400K, reserved 1048576K
}
Event: 18.058 GC heap before
{Heap before GC invocations=11 (full 2):
 PSYoungGen      total 312832K, used 113925K [0x00000000d5a00000, 0x00000000ef400000, 0x0000000100000000)
  eden space 286208K, 32% used [0x00000000d5a00000,0x00000000db442630,0x00000000e7180000)
  from space 26624K, 80% used [0x00000000e8d80000,0x00000000ea27f198,0x00000000ea780000)
  to   space 28672K, 0% used [0x00000000e7180000,0x00000000e7180000,0x00000000e8d80000)
 ParOldGen       total 129536K, used 41748K [0x0000000080e00000, 0x0000000088c80000, 0x00000000d5a00000)
  object space 129536K, 32% used [0x0000000080e00000,0x00000000836c5270,0x0000000088c80000)
 Metaspace       used 57891K, capacity 58900K, committed 59096K, reserved 1101824K
  class space    used 7278K, capacity 7544K, committed 7552K, reserved 1048576K
Event: 18.097 GC heap after
Heap after GC invocations=11 (full 2):
 PSYoungGen      total 314880K, used 19397K [0x00000000d5a00000, 0x00000000ef500000, 0x0000000100000000)
  eden space 286208K, 0% used [0x00000000d5a00000,0x00000000d5a00000,0x00000000e7180000)
  from space 28672K, 67% used [0x00000000e7180000,0x00000000e8471568,0x00000000e8d80000)
  to   space 29696K, 0% used [0x00000000ed800000,0x00000000ed800000,0x00000000ef500000)
 ParOldGen       total 129536K, used 41756K [0x0000000080e00000, 0x0000000088c80000, 0x00000000d5a00000)
  object space 129536K, 32% used [0x0000000080e00000,0x00000000836c7270,0x0000000088c80000)
 Metaspace       used 57891K, capacity 58900K, committed 59096K, reserved 1101824K
  class space    used 7278K, capacity 7544K, committed 7552K, reserved 1048576K
}
Event: 18.097 GC heap before
{Heap before GC invocations=12 (full 3):
 PSYoungGen      total 314880K, used 19397K [0x00000000d5a00000, 0x00000000ef500000, 0x0000000100000000)
  eden space 286208K, 0% used [0x00000000d5a00000,0x00000000d5a00000,0x00000000e7180000)
  from space 28672K, 67% used [0x00000000e7180000,0x00000000e8471568,0x00000000e8d80000)
  to   space 29696K, 0% used [0x00000000ed800000,0x00000000ed800000,0x00000000ef500000)
 ParOldGen       total 129536K, used 41756K [0x0000000080e00000, 0x0000000088c80000, 0x00000000d5a00000)
  object space 129536K, 32% used [0x0000000080e00000,0x00000000836c7270,0x0000000088c80000)
 Metaspace       used 57891K, capacity 58900K, committed 59096K, reserved 1101824K
  class space    used 7278K, capacity 7544K, committed 7552K, reserved 1048576K
Event: 18.385 GC heap after
Heap after GC invocations=12 (full 3):
 PSYoungGen      total 314880K, used 0K [0x00000000d5a00000, 0x00000000ef500000, 0x0000000100000000)
  eden space 286208K, 0% used [0x00000000d5a00000,0x00000000d5a00000,0x00000000e7180000)
  from space 28672K, 0% used [0x00000000e7180000,0x00000000e7180000,0x00000000e8d80000)
  to   space 29696K, 0% used [0x00000000ed800000,0x00000000ed800000,0x00000000ef500000)
 ParOldGen       total 170496K, used 53116K [0x0000000080e00000, 0x000000008b480000, 0x00000000d5a00000)
  object space 170496K, 31% used [0x0000000080e00000,0x00000000841df3b8,0x000000008b480000)
 Metaspace       used 57891K, capacity 58900K, committed 59096K, reserved 1101824K
  class space    used 7278K, capacity 7544K, committed 7552K, reserved 1048576K
}
Event: 41.723 GC heap before
{Heap before GC invocations=13 (full 3):
 PSYoungGen      total 314880K, used 286208K [0x00000000d5a00000, 0x00000000ef500000, 0x0000000100000000)
  eden space 286208K, 100% used [0x00000000d5a00000,0x00000000e7180000,0x00000000e7180000)
  from space 28672K, 0% used [0x00000000e7180000,0x00000000e7180000,0x00000000e8d80000)
  to   space 29696K, 0% used [0x00000000ed800000,0x00000000ed800000,0x00000000ef500000)
 ParOldGen       total 170496K, used 53116K [0x0000000080e00000, 0x000000008b480000, 0x00000000d5a00000)
  object space 170496K, 31% used [0x0000000080e00000,0x00000000841df3b8,0x000000008b480000)
 Metaspace       used 70552K, capacity 71708K, committed 71936K, reserved 1112064K
  class space    used 8849K, capacity 9152K, committed 9216K, reserved 1048576K
Event: 41.745 GC heap after
Heap after GC invocations=13 (full 3):
 PSYoungGen      total 360960K, used 20030K [0x00000000d5a00000, 0x00000000eec00000, 0x0000000100000000)
  eden space 340480K, 0% used [0x00000000d5a00000,0x00000000d5a00000,0x00000000ea680000)
  from space 20480K, 97% used [0x00000000ed800000,0x00000000eeb8fbb0,0x00000000eec00000)
  to   space 30208K, 0% used [0x00000000eb100000,0x00000000eb100000,0x00000000ece80000)
 ParOldGen       total 170496K, used 53124K [0x0000000080e00000, 0x000000008b480000, 0x00000000d5a00000)
  object space 170496K, 31% used [0x0000000080e00000,0x00000000841e13b8,0x000000008b480000)
 Metaspace       used 70552K, capacity 71708K, committed 71936K, reserved 1112064K
  class space    used 8849K, capacity 9152K, committed 9216K, reserved 1048576K
}

